<?xml version="1.0" encoding="UTF-8"?>
<robot generator="Robot 7.1 (Python 3.12.6 on win32)" generated="2024-09-25T11:17:13.816241" rpa="false" schemaversion="5">
<suite id="s1" name="Amazon Testes" source="C:\Users\Paulo_Pereira\Desktop\CursoUdemy\RobotFramework\WebTestting\amazon_testes.robot">
<test id="s1-t1" name="Caso de Teste 01 - Acesso ao menu &quot;Eletrônicos&quot;" line="10">
<kw name="Abri o navegador" owner="amazon_resource" type="SETUP">
<kw name="Open Browser" owner="SeleniumLibrary">
<msg time="2024-09-25T11:17:14.222660" level="INFO">Opening browser 'chrome' to base url 'None'.</msg>
<arg>browser=chrome</arg>
<doc>Opens a new browser instance to the optional ``url``.</doc>
<status status="PASS" start="2024-09-25T11:17:14.222660" elapsed="1.927886"/>
</kw>
<kw name="Set Window Size" owner="SeleniumLibrary">
<arg>2000</arg>
<arg>1000</arg>
<doc>Sets current windows size to given ``width`` and ``height``.</doc>
<status status="PASS" start="2024-09-25T11:17:16.152545" elapsed="0.436097"/>
</kw>
<status status="PASS" start="2024-09-25T11:17:14.222660" elapsed="2.365982"/>
</kw>
<kw name="Acessar a home page do site Amazon.com.br" owner="amazon_resource">
<kw name="Go To" owner="SeleniumLibrary">
<msg time="2024-09-25T11:17:16.589640" level="INFO">Opening url 'https://www.amazon.com.br/'</msg>
<arg>url=${URL}</arg>
<doc>Navigates the current browser window to the provided ``url``.</doc>
<status status="PASS" start="2024-09-25T11:17:16.589640" elapsed="0.361740"/>
</kw>
<kw name="Sleep" owner="BuiltIn">
<msg time="2024-09-25T11:17:41.951856" level="INFO">Slept 25 seconds.</msg>
<arg>25s</arg>
<doc>Pauses the test executed for the given time.</doc>
<status status="PASS" start="2024-09-25T11:17:16.951380" elapsed="25.000476"/>
</kw>
<kw name="Wait Until Element Is Visible" owner="SeleniumLibrary">
<arg>locator=${MENU_ELETRONICOS}</arg>
<doc>Waits until the element ``locator`` is visible.</doc>
<status status="PASS" start="2024-09-25T11:17:41.951856" elapsed="11.213829"/>
</kw>
<status status="PASS" start="2024-09-25T11:17:16.588642" elapsed="36.578004"/>
</kw>
<kw name="Entrar no menu &quot;Eletrônicos&quot;" owner="amazon_resource">
<kw name="Click Element" owner="SeleniumLibrary">
<msg time="2024-09-25T11:17:53.168648" level="INFO">Clicking element '//a[@href='/Eletronicos-e-Tecnologia/b/?ie=UTF8&amp;node=16209062011&amp;ref_=nav_cs_electronics'][contains(.,'Eletrônicos')]'.</msg>
<arg>locator=${MENU_ELETRONICOS}</arg>
<doc>Click the element identified by ``locator``.</doc>
<status status="PASS" start="2024-09-25T11:17:53.167650" elapsed="5.355138"/>
</kw>
<status status="PASS" start="2024-09-25T11:17:53.166646" elapsed="5.356142"/>
</kw>
<kw name="Verificar se o título da página fica &quot;Eletrônicos e Tecnologia | Amazon.com.br&quot;" owner="amazon_resource">
<kw name="Wait Until Page Contains" owner="SeleniumLibrary">
<arg>text=${TEXTO_HEADER_ELETRONICOS}</arg>
<doc>Waits until ``text`` appears on the current page.</doc>
<status status="PASS" start="2024-09-25T11:17:58.523790" elapsed="0.064899"/>
</kw>
<kw name="Wait Until Element Is Visible" owner="SeleniumLibrary">
<arg>locator=${HEAER_ELETTRONICOS}</arg>
<doc>Waits until the element ``locator`` is visible.</doc>
<status status="PASS" start="2024-09-25T11:17:58.589689" elapsed="0.053690"/>
</kw>
<status status="PASS" start="2024-09-25T11:17:58.523790" elapsed="0.119589"/>
</kw>
<kw name="Verificar se aparece a frase &quot;Eletrônicos e Tecnologia | Amazon.com.br&quot;" owner="amazon_resource" source_name="Verificar se aparece a frase &quot;${TITULO}&quot;">
<kw name="Title Should Be" owner="SeleniumLibrary">
<msg time="2024-09-25T11:17:58.656652" level="INFO">Page title is 'Eletrônicos e Tecnologia | Amazon.com.br'.</msg>
<arg>title=${TITULO}</arg>
<doc>Verifies that the current page title equals ``title``.</doc>
<status status="PASS" start="2024-09-25T11:17:58.644379" elapsed="0.012273"/>
</kw>
<status status="PASS" start="2024-09-25T11:17:58.643379" elapsed="0.013273"/>
</kw>
<kw name="Verificar se aparece a categoria &quot;Computadores e Informática&quot;" owner="amazon_resource" source_name="Verificar se aparece a categoria &quot;${NOME_CATEGORIA}&quot;">
<kw name="Element Should Be Visible" owner="SeleniumLibrary">
<msg time="2024-09-25T11:17:58.690664" level="INFO">Element '//a[@aria-label='Computadores e Informática']' is displayed.</msg>
<arg>locator=//a[@aria-label='${NOME_CATEGORIA}']</arg>
<doc>Verifies that the element identified by ``locator`` is visible.</doc>
<status status="PASS" start="2024-09-25T11:17:58.658678" elapsed="0.031986"/>
</kw>
<status status="PASS" start="2024-09-25T11:17:58.657658" elapsed="0.033006"/>
</kw>
<kw name="Fechar o navegador" owner="amazon_resource" type="TEARDOWN">
<kw name="Capture Page Screenshot" owner="SeleniumLibrary">
<msg time="2024-09-25T11:17:58.878868" level="INFO" html="true">&lt;/td&gt;&lt;/tr&gt;&lt;tr&gt;&lt;td colspan="3"&gt;&lt;a href="selenium-screenshot-11.png"&gt;&lt;img src="selenium-screenshot-11.png" width="800px"&gt;&lt;/a&gt;</msg>
<doc>Takes a screenshot of the current page and embeds it into a log file.</doc>
<status status="PASS" start="2024-09-25T11:17:58.691665" elapsed="0.188207"/>
</kw>
<kw name="Close Browser" owner="SeleniumLibrary">
<doc>Closes the current browser.</doc>
<status status="PASS" start="2024-09-25T11:17:58.879872" elapsed="2.814005"/>
</kw>
<status status="PASS" start="2024-09-25T11:17:58.691665" elapsed="3.002212"/>
</kw>
<doc>Esse teste verifica o menu mais vendido do site de amazon.com.br
e verifica a categoria Computadores e Informática</doc>
<tag>categorias</tag>
<tag>menus</tag>
<status status="PASS" start="2024-09-25T11:17:14.222660" elapsed="47.472229"/>
</test>
<test id="s1-t2" name="Caso de Teste 02 - Pesquisa de um Produto" line="21">
<kw name="Abri o navegador" owner="amazon_resource" type="SETUP">
<kw name="Open Browser" owner="SeleniumLibrary">
<msg time="2024-09-25T11:18:01.697893" level="INFO">Opening browser 'chrome' to base url 'None'.</msg>
<arg>browser=chrome</arg>
<doc>Opens a new browser instance to the optional ``url``.</doc>
<status status="PASS" start="2024-09-25T11:18:01.697893" elapsed="1.970244"/>
</kw>
<kw name="Set Window Size" owner="SeleniumLibrary">
<arg>2000</arg>
<arg>1000</arg>
<doc>Sets current windows size to given ``width`` and ``height``.</doc>
<status status="PASS" start="2024-09-25T11:18:03.668137" elapsed="0.384636"/>
</kw>
<status status="PASS" start="2024-09-25T11:18:01.697893" elapsed="2.354880"/>
</kw>
<kw name="Acessar a home page do site Amazon.com.br" owner="amazon_resource">
<kw name="Go To" owner="SeleniumLibrary">
<msg time="2024-09-25T11:18:04.053771" level="INFO">Opening url 'https://www.amazon.com.br/'</msg>
<arg>url=${URL}</arg>
<doc>Navigates the current browser window to the provided ``url``.</doc>
<status status="PASS" start="2024-09-25T11:18:04.053771" elapsed="1.177505"/>
</kw>
<kw name="Sleep" owner="BuiltIn">
<msg time="2024-09-25T11:18:30.231410" level="INFO">Slept 25 seconds.</msg>
<arg>25s</arg>
<doc>Pauses the test executed for the given time.</doc>
<status status="PASS" start="2024-09-25T11:18:05.231276" elapsed="25.000134"/>
</kw>
<kw name="Wait Until Element Is Visible" owner="SeleniumLibrary">
<arg>locator=${MENU_ELETRONICOS}</arg>
<doc>Waits until the element ``locator`` is visible.</doc>
<status status="PASS" start="2024-09-25T11:18:30.231410" elapsed="0.032258"/>
</kw>
<status status="PASS" start="2024-09-25T11:18:04.053771" elapsed="26.209897"/>
</kw>
<kw name="Digitar o nome de produto &quot;Xbox Series S&quot; no campo de p" owner="amazon_resource" source_name="Digitar o nome de produto &quot;${PRODUTO}&quot; no campo de p">
<kw name="Input Text" owner="SeleniumLibrary">
<msg time="2024-09-25T11:18:30.264676" level="INFO">Typing text 'Xbox Series S' into text field 'twotabsearchtextbox'.</msg>
<arg>locator=twotabsearchtextbox</arg>
<arg>text=${PRODUTO}</arg>
<doc>Types the given ``text`` into the text field identified by ``locator``.</doc>
<status status="PASS" start="2024-09-25T11:18:30.264676" elapsed="0.288811"/>
</kw>
<status status="PASS" start="2024-09-25T11:18:30.264676" elapsed="0.290804"/>
</kw>
<kw name="Clicar no botão de pesquisa" owner="amazon_resource">
<kw name="Click Element" owner="SeleniumLibrary">
<msg time="2024-09-25T11:18:30.557451" level="INFO">Clicking element 'nav-search-submit-button'.</msg>
<arg>locator=nav-search-submit-button</arg>
<doc>Click the element identified by ``locator``.</doc>
<status status="PASS" start="2024-09-25T11:18:30.556451" elapsed="2.776202"/>
</kw>
<status status="PASS" start="2024-09-25T11:18:30.556451" elapsed="2.776253"/>
</kw>
<kw name="Verificar o resultado da pesquisa listando o produto &quot;Xbox Series S&quot;" owner="amazon_resource" source_name="Verificar o resultado da pesquisa listando o produto &quot;${PRODUTO}&quot;">
<kw name="Wait Until Element Is Visible" owner="SeleniumLibrary">
<arg>locator=(//span[contains(.,'${PRODUTO}')])[3]</arg>
<doc>Waits until the element ``locator`` is visible.</doc>
<status status="PASS" start="2024-09-25T11:18:33.334071" elapsed="0.054005"/>
</kw>
<status status="PASS" start="2024-09-25T11:18:33.332704" elapsed="0.055372"/>
</kw>
<kw name="Fechar o navegador" owner="amazon_resource" type="TEARDOWN">
<kw name="Capture Page Screenshot" owner="SeleniumLibrary">
<msg time="2024-09-25T11:18:33.535124" level="INFO" html="true">&lt;/td&gt;&lt;/tr&gt;&lt;tr&gt;&lt;td colspan="3"&gt;&lt;a href="selenium-screenshot-12.png"&gt;&lt;img src="selenium-screenshot-12.png" width="800px"&gt;&lt;/a&gt;</msg>
<doc>Takes a screenshot of the current page and embeds it into a log file.</doc>
<status status="PASS" start="2024-09-25T11:18:33.389077" elapsed="0.146047"/>
</kw>
<kw name="Close Browser" owner="SeleniumLibrary">
<doc>Closes the current browser.</doc>
<status status="PASS" start="2024-09-25T11:18:33.536129" elapsed="2.530643"/>
</kw>
<status status="PASS" start="2024-09-25T11:18:33.389077" elapsed="2.677695"/>
</kw>
<doc>Esse teste verifica a busca de um produto</doc>
<tag>busca_produtos</tag>
<tag>lista_busca</tag>
<status status="PASS" start="2024-09-25T11:18:01.696894" elapsed="34.369878"/>
</test>
<test id="s1-t3" name="Caso de Teste 03 - Adicionar no carrinho" line="29">
<kw name="Abri o navegador" owner="amazon_resource" type="SETUP">
<kw name="Open Browser" owner="SeleniumLibrary">
<msg time="2024-09-25T11:18:36.066772" level="INFO">Opening browser 'chrome' to base url 'None'.</msg>
<arg>browser=chrome</arg>
<doc>Opens a new browser instance to the optional ``url``.</doc>
<status status="PASS" start="2024-09-25T11:18:36.066772" elapsed="2.008659"/>
</kw>
<kw name="Set Window Size" owner="SeleniumLibrary">
<arg>2000</arg>
<arg>1000</arg>
<doc>Sets current windows size to given ``width`` and ``height``.</doc>
<status status="PASS" start="2024-09-25T11:18:38.076439" elapsed="0.413860"/>
</kw>
<status status="PASS" start="2024-09-25T11:18:36.066772" elapsed="2.423527"/>
</kw>
<kw name="Acessar a home page do site Amazon.com.br" owner="amazon_resource">
<kw name="Go To" owner="SeleniumLibrary">
<msg time="2024-09-25T11:18:38.492299" level="INFO">Opening url 'https://www.amazon.com.br/'</msg>
<arg>url=${URL}</arg>
<doc>Navigates the current browser window to the provided ``url``.</doc>
<status status="PASS" start="2024-09-25T11:18:38.492299" elapsed="1.687367"/>
</kw>
<kw name="Sleep" owner="BuiltIn">
<msg time="2024-09-25T11:19:05.180348" level="INFO">Slept 25 seconds.</msg>
<arg>25s</arg>
<doc>Pauses the test executed for the given time.</doc>
<status status="PASS" start="2024-09-25T11:18:40.179666" elapsed="25.000682"/>
</kw>
<kw name="Wait Until Element Is Visible" owner="SeleniumLibrary">
<arg>locator=${MENU_ELETRONICOS}</arg>
<doc>Waits until the element ``locator`` is visible.</doc>
<status status="PASS" start="2024-09-25T11:19:05.180348" elapsed="1.513512"/>
</kw>
<status status="PASS" start="2024-09-25T11:18:38.491303" elapsed="28.203557"/>
</kw>
<kw name="Digitar o nome de produto &quot;Xbox Series S&quot; no campo de p" owner="amazon_resource" source_name="Digitar o nome de produto &quot;${PRODUTO}&quot; no campo de p">
<kw name="Input Text" owner="SeleniumLibrary">
<msg time="2024-09-25T11:19:06.695861" level="INFO">Typing text 'Xbox Series S' into text field 'twotabsearchtextbox'.</msg>
<arg>locator=twotabsearchtextbox</arg>
<arg>text=${PRODUTO}</arg>
<doc>Types the given ``text`` into the text field identified by ``locator``.</doc>
<status status="PASS" start="2024-09-25T11:19:06.695861" elapsed="0.356288"/>
</kw>
<status status="PASS" start="2024-09-25T11:19:06.694860" elapsed="0.357289"/>
</kw>
<kw name="Clicar no botão de pesquisa" owner="amazon_resource">
<kw name="Click Element" owner="SeleniumLibrary">
<msg time="2024-09-25T11:19:07.056148" level="INFO">Clicking element 'nav-search-submit-button'.</msg>
<arg>locator=nav-search-submit-button</arg>
<doc>Click the element identified by ``locator``.</doc>
<status status="PASS" start="2024-09-25T11:19:07.055148" elapsed="0.566281"/>
</kw>
<status status="PASS" start="2024-09-25T11:19:07.054146" elapsed="0.567283"/>
</kw>
<kw name="Verificar o resultado da pesquisa listando o produto &quot;Xbox Series S&quot;" owner="amazon_resource" source_name="Verificar o resultado da pesquisa listando o produto &quot;${PRODUTO}&quot;">
<kw name="Wait Until Element Is Visible" owner="SeleniumLibrary">
<arg>locator=(//span[contains(.,'${PRODUTO}')])[3]</arg>
<doc>Waits until the element ``locator`` is visible.</doc>
<status status="PASS" start="2024-09-25T11:19:07.621429" elapsed="2.780051"/>
</kw>
<status status="PASS" start="2024-09-25T11:19:07.621429" elapsed="2.781052"/>
</kw>
<kw name="Na página de resultado para &quot;Xbox Series S&quot;" owner="amazon_resource">
<kw name="Wait Until Element Is Visible" owner="SeleniumLibrary">
<arg>locator=(//span[@class='a-color-state a-text-bold'][contains(.,'"Xbox Series S"')])</arg>
<doc>Waits until the element ``locator`` is visible.</doc>
<status status="PASS" start="2024-09-25T11:19:10.403434" elapsed="0.062963"/>
</kw>
<status status="PASS" start="2024-09-25T11:19:10.402481" elapsed="0.063916"/>
</kw>
<kw name="Clicar na imagem Xbox Series S" owner="amazon_resource">
<kw name="Click Element" owner="SeleniumLibrary">
<msg time="2024-09-25T11:19:10.468396" level="INFO">Clicking element '//img[contains(@alt,'Console Xbox Series S')]'.</msg>
<arg>locator=//img[contains(@alt,'Console Xbox Series S')]</arg>
<doc>Click the element identified by ``locator``.</doc>
<status status="PASS" start="2024-09-25T11:19:10.468396" elapsed="6.027766"/>
</kw>
<status status="PASS" start="2024-09-25T11:19:10.467397" elapsed="6.028765"/>
</kw>
<kw name="Clicar no carrinho" owner="amazon_resource">
<kw name="Click Element" owner="SeleniumLibrary">
<msg time="2024-09-25T11:19:16.498166" level="INFO">Clicking element '//input[contains(@name,'submit.add-to-cart')]'.</msg>
<arg>locator=//input[contains(@name,'submit.add-to-cart')]</arg>
<doc>Click the element identified by ``locator``.</doc>
<status status="PASS" start="2024-09-25T11:19:16.498166" elapsed="2.792772"/>
</kw>
<status status="PASS" start="2024-09-25T11:19:16.497163" elapsed="2.793775"/>
</kw>
<kw name="Fechar o navegador" owner="amazon_resource" type="TEARDOWN">
<kw name="Capture Page Screenshot" owner="SeleniumLibrary">
<msg time="2024-09-25T11:19:19.442764" level="INFO" html="true">&lt;/td&gt;&lt;/tr&gt;&lt;tr&gt;&lt;td colspan="3"&gt;&lt;a href="selenium-screenshot-13.png"&gt;&lt;img src="selenium-screenshot-13.png" width="800px"&gt;&lt;/a&gt;</msg>
<doc>Takes a screenshot of the current page and embeds it into a log file.</doc>
<status status="PASS" start="2024-09-25T11:19:19.292419" elapsed="0.150345"/>
</kw>
<kw name="Close Browser" owner="SeleniumLibrary">
<doc>Closes the current browser.</doc>
<status status="PASS" start="2024-09-25T11:19:19.443766" elapsed="2.545179"/>
</kw>
<status status="PASS" start="2024-09-25T11:19:19.291393" elapsed="2.697552"/>
</kw>
<doc>Adicionar Xbox Series S no carrinho</doc>
<tag>adicionar_produto</tag>
<status status="PASS" start="2024-09-25T11:18:36.066772" elapsed="45.922173"/>
</test>
<doc>Essa suite testa o site amazon.com.br.</doc>
<status status="PASS" start="2024-09-25T11:17:13.819300" elapsed="128.169645"/>
</suite>
<statistics>
<total>
<stat pass="3" fail="0" skip="0">All Tests</stat>
</total>
<tag>
<stat pass="1" fail="0" skip="0">adicionar_produto</stat>
<stat pass="1" fail="0" skip="0">busca_produtos</stat>
<stat pass="1" fail="0" skip="0">categorias</stat>
<stat pass="1" fail="0" skip="0">lista_busca</stat>
<stat pass="1" fail="0" skip="0">menus</stat>
</tag>
<suite>
<stat pass="3" fail="0" skip="0" id="s1" name="Amazon Testes">Amazon Testes</stat>
</suite>
</statistics>
<errors>
</errors>
</robot>
