<?xml version="1.0" encoding="UTF-8"?>
<robot generator="Robot 7.1 (Python 3.12.6 on win32)" generated="2024-09-24T11:13:05.623886" rpa="false" schemaversion="5">
<suite id="s1" name="Amazon Testes" source="C:\Users\Paulo_Pereira\Desktop\CursoUdemy\RobotFramework\WebTestting\amazon_testes.robot">
<test id="s1-t1" name="Caso de Teste 01 - Acesso ao menu &quot;Eletrônicos&quot;" line="10">
<kw name="Abri o navegador" owner="amazon_resource" type="SETUP">
<kw name="Open Browser" owner="SeleniumLibrary">
<msg time="2024-09-24T11:13:06.018714" level="INFO">Opening browser 'chrome' to base url 'None'.</msg>
<arg>browser=chrome</arg>
<doc>Opens a new browser instance to the optional ``url``.</doc>
<status status="PASS" start="2024-09-24T11:13:06.018714" elapsed="1.995189"/>
</kw>
<kw name="Set Window Size" owner="SeleniumLibrary">
<arg>2000</arg>
<arg>1000</arg>
<doc>Sets current windows size to given ``width`` and ``height``.</doc>
<status status="PASS" start="2024-09-24T11:13:08.013903" elapsed="0.386000"/>
</kw>
<status status="PASS" start="2024-09-24T11:13:06.017714" elapsed="2.382189"/>
</kw>
<kw name="Acessar a home page do site Amazon.com.br" owner="amazon_resource">
<kw name="Go To" owner="SeleniumLibrary">
<msg time="2024-09-24T11:13:08.401906" level="INFO">Opening url 'https://www.amazon.com.br/'</msg>
<arg>url=${URL}</arg>
<doc>Navigates the current browser window to the provided ``url``.</doc>
<status status="PASS" start="2024-09-24T11:13:08.401906" elapsed="1.539505"/>
</kw>
<kw name="Sleep" owner="BuiltIn">
<msg time="2024-09-24T11:13:34.943111" level="INFO">Slept 25 seconds.</msg>
<arg>25s</arg>
<doc>Pauses the test executed for the given time.</doc>
<status status="PASS" start="2024-09-24T11:13:09.941411" elapsed="25.001700"/>
</kw>
<kw name="Wait Until Element Is Visible" owner="SeleniumLibrary">
<arg>locator=${MENU_ELETRONICOS}</arg>
<doc>Waits until the element ``locator`` is visible.</doc>
<status status="PASS" start="2024-09-24T11:13:34.943111" elapsed="0.043863"/>
</kw>
<status status="PASS" start="2024-09-24T11:13:08.400904" elapsed="26.586070"/>
</kw>
<kw name="Entrar no menu &quot;Eletrônicos&quot;" owner="amazon_resource">
<kw name="Click Element" owner="SeleniumLibrary">
<msg time="2024-09-24T11:13:34.988935" level="INFO">Clicking element '//a[@href='/Eletronicos-e-Tecnologia/b/?ie=UTF8&amp;node=16209062011&amp;ref_=nav_cs_electronics'][contains(.,'Eletrônicos')]'.</msg>
<arg>locator=${MENU_ELETRONICOS}</arg>
<doc>Click the element identified by ``locator``.</doc>
<status status="PASS" start="2024-09-24T11:13:34.987915" elapsed="4.730599"/>
</kw>
<status status="PASS" start="2024-09-24T11:13:34.987915" elapsed="4.730599"/>
</kw>
<kw name="Verificar se o título da página fica &quot;Eletrônicos e Tecnologia | Amazon.com.br&quot;" owner="amazon_resource">
<kw name="Wait Until Page Contains" owner="SeleniumLibrary">
<arg>text=${TEXTO_HEADER_ELETRONICOS}</arg>
<doc>Waits until ``text`` appears on the current page.</doc>
<status status="PASS" start="2024-09-24T11:13:39.720508" elapsed="0.050995"/>
</kw>
<kw name="Wait Until Element Is Visible" owner="SeleniumLibrary">
<arg>locator=${HEAER_ELETTRONICOS}</arg>
<doc>Waits until the element ``locator`` is visible.</doc>
<status status="PASS" start="2024-09-24T11:13:39.771503" elapsed="0.034001"/>
</kw>
<status status="PASS" start="2024-09-24T11:13:39.719505" elapsed="0.085999"/>
</kw>
<kw name="Verificar se aparece a frase &quot;Eletrônicos e Tecnologia | Amazon.com.br&quot;" owner="amazon_resource" source_name="Verificar se aparece a frase &quot;${TITULO}&quot;">
<kw name="Title Should Be" owner="SeleniumLibrary">
<msg time="2024-09-24T11:13:39.815512" level="INFO">Page title is 'Eletrônicos e Tecnologia | Amazon.com.br'.</msg>
<arg>title=${TITULO}</arg>
<doc>Verifies that the current page title equals ``title``.</doc>
<status status="PASS" start="2024-09-24T11:13:39.806504" elapsed="0.010004"/>
</kw>
<status status="PASS" start="2024-09-24T11:13:39.806504" elapsed="0.010004"/>
</kw>
<kw name="Verificar se aparece a categoria &quot;Computadores e Informática&quot;" owner="amazon_resource" source_name="Verificar se aparece a categoria &quot;${NOME_CATEGORIA}&quot;">
<kw name="Element Should Be Visible" owner="SeleniumLibrary">
<msg time="2024-09-24T11:13:39.851506" level="INFO">Element '//a[@aria-label='Computadores e Informática']' is displayed.</msg>
<arg>locator=//a[@aria-label='${NOME_CATEGORIA}']</arg>
<doc>Verifies that the element identified by ``locator`` is visible.</doc>
<status status="PASS" start="2024-09-24T11:13:39.816508" elapsed="0.035998"/>
</kw>
<status status="PASS" start="2024-09-24T11:13:39.816508" elapsed="0.035998"/>
</kw>
<kw name="Fechar o navegador" owner="amazon_resource" type="TEARDOWN">
<kw name="Capture Page Screenshot" owner="SeleniumLibrary">
<msg time="2024-09-24T11:13:40.008505" level="INFO" html="true">&lt;/td&gt;&lt;/tr&gt;&lt;tr&gt;&lt;td colspan="3"&gt;&lt;a href="selenium-screenshot-50.png"&gt;&lt;img src="selenium-screenshot-50.png" width="800px"&gt;&lt;/a&gt;</msg>
<doc>Takes a screenshot of the current page and embeds it into a log file.</doc>
<status status="PASS" start="2024-09-24T11:13:39.854507" elapsed="0.154997"/>
</kw>
<kw name="Close Browser" owner="SeleniumLibrary">
<doc>Closes the current browser.</doc>
<status status="PASS" start="2024-09-24T11:13:40.009504" elapsed="2.817604"/>
</kw>
<status status="PASS" start="2024-09-24T11:13:39.853506" elapsed="2.973602"/>
</kw>
<doc>Esse teste verifica o menu mais vendido do site de amazon.com.br
e verifica a categoria Computadores e Informática</doc>
<tag>categorias</tag>
<tag>menus</tag>
<status status="PASS" start="2024-09-24T11:13:06.016714" elapsed="36.810394"/>
</test>
<test id="s1-t2" name="Caso de Teste 02 - Pesquisa de um Produto" line="21">
<kw name="Abri o navegador" owner="amazon_resource" type="SETUP">
<kw name="Open Browser" owner="SeleniumLibrary">
<msg time="2024-09-24T11:13:42.830089" level="INFO">Opening browser 'chrome' to base url 'None'.</msg>
<arg>browser=chrome</arg>
<doc>Opens a new browser instance to the optional ``url``.</doc>
<status status="PASS" start="2024-09-24T11:13:42.830089" elapsed="1.859430"/>
</kw>
<kw name="Set Window Size" owner="SeleniumLibrary">
<arg>2000</arg>
<arg>1000</arg>
<doc>Sets current windows size to given ``width`` and ``height``.</doc>
<status status="PASS" start="2024-09-24T11:13:44.690519" elapsed="0.396000"/>
</kw>
<status status="PASS" start="2024-09-24T11:13:42.830089" elapsed="2.256430"/>
</kw>
<kw name="Acessar a home page do site Amazon.com.br" owner="amazon_resource">
<kw name="Go To" owner="SeleniumLibrary">
<msg time="2024-09-24T11:13:45.088519" level="INFO">Opening url 'https://www.amazon.com.br/'</msg>
<arg>url=${URL}</arg>
<doc>Navigates the current browser window to the provided ``url``.</doc>
<status status="PASS" start="2024-09-24T11:13:45.087517" elapsed="1.437783"/>
</kw>
<kw name="Sleep" owner="BuiltIn">
<msg time="2024-09-24T11:14:11.527305" level="INFO">Slept 25 seconds.</msg>
<arg>25s</arg>
<doc>Pauses the test executed for the given time.</doc>
<status status="PASS" start="2024-09-24T11:13:46.526295" elapsed="25.001010"/>
</kw>
<kw name="Wait Until Element Is Visible" owner="SeleniumLibrary">
<arg>locator=${MENU_ELETRONICOS}</arg>
<doc>Waits until the element ``locator`` is visible.</doc>
<status status="PASS" start="2024-09-24T11:14:11.527305" elapsed="0.030587"/>
</kw>
<status status="PASS" start="2024-09-24T11:13:45.087517" elapsed="26.470375"/>
</kw>
<kw name="Digitar o nome de produto &quot;Xbox Series S&quot; no campo de p" owner="amazon_resource" source_name="Digitar o nome de produto &quot;${PRODUTO}&quot; no campo de p">
<kw name="Input Text" owner="SeleniumLibrary">
<msg time="2024-09-24T11:14:11.558893" level="INFO">Typing text 'Xbox Series S' into text field 'twotabsearchtextbox'.</msg>
<arg>locator=twotabsearchtextbox</arg>
<arg>text=${PRODUTO}</arg>
<doc>Types the given ``text`` into the text field identified by ``locator``.</doc>
<status status="PASS" start="2024-09-24T11:14:11.558893" elapsed="0.277633"/>
</kw>
<status status="PASS" start="2024-09-24T11:14:11.558893" elapsed="0.278636"/>
</kw>
<kw name="Clicar no botão de pesquisa" owner="amazon_resource">
<kw name="Click Element" owner="SeleniumLibrary">
<msg time="2024-09-24T11:14:11.838523" level="INFO">Clicking element 'nav-search-submit-button'.</msg>
<arg>locator=nav-search-submit-button</arg>
<doc>Click the element identified by ``locator``.</doc>
<status status="PASS" start="2024-09-24T11:14:11.837529" elapsed="3.145716"/>
</kw>
<status status="PASS" start="2024-09-24T11:14:11.837529" elapsed="3.145716"/>
</kw>
<kw name="Verificar o resultado da pesquisa listando o produto &quot;Xbox Series S&quot;" owner="amazon_resource" source_name="Verificar o resultado da pesquisa listando o produto &quot;${PRODUTO}&quot;">
<kw name="Wait Until Element Is Visible" owner="SeleniumLibrary">
<arg>locator=(//span[contains(.,'${PRODUTO}')])[3]</arg>
<doc>Waits until the element ``locator`` is visible.</doc>
<status status="PASS" start="2024-09-24T11:14:14.984244" elapsed="0.104999"/>
</kw>
<status status="PASS" start="2024-09-24T11:14:14.984244" elapsed="0.104999"/>
</kw>
<kw name="Fechar o navegador" owner="amazon_resource" type="TEARDOWN">
<kw name="Capture Page Screenshot" owner="SeleniumLibrary">
<msg time="2024-09-24T11:14:15.271240" level="INFO" html="true">&lt;/td&gt;&lt;/tr&gt;&lt;tr&gt;&lt;td colspan="3"&gt;&lt;a href="selenium-screenshot-51.png"&gt;&lt;img src="selenium-screenshot-51.png" width="800px"&gt;&lt;/a&gt;</msg>
<doc>Takes a screenshot of the current page and embeds it into a log file.</doc>
<status status="PASS" start="2024-09-24T11:14:15.091243" elapsed="0.179997"/>
</kw>
<kw name="Close Browser" owner="SeleniumLibrary">
<doc>Closes the current browser.</doc>
<status status="PASS" start="2024-09-24T11:14:15.271240" elapsed="4.071220"/>
</kw>
<status status="PASS" start="2024-09-24T11:14:15.090242" elapsed="4.252218"/>
</kw>
<doc>Esse teste verifica a busca de um produto</doc>
<tag>busca_produtos</tag>
<tag>lista_busca</tag>
<status status="PASS" start="2024-09-24T11:13:42.829067" elapsed="36.513393"/>
</test>
<test id="s1-t3" name="Caso de Teste 03 - Adicionar no carrinho" line="29">
<kw name="Abri o navegador" owner="amazon_resource" type="SETUP">
<kw name="Open Browser" owner="SeleniumLibrary">
<msg time="2024-09-24T11:14:19.345442" level="INFO">Opening browser 'chrome' to base url 'None'.</msg>
<arg>browser=chrome</arg>
<doc>Opens a new browser instance to the optional ``url``.</doc>
<status status="PASS" start="2024-09-24T11:14:19.345442" elapsed="2.072995"/>
</kw>
<kw name="Set Window Size" owner="SeleniumLibrary">
<arg>2000</arg>
<arg>1000</arg>
<doc>Sets current windows size to given ``width`` and ``height``.</doc>
<status status="PASS" start="2024-09-24T11:14:21.419436" elapsed="0.390999"/>
</kw>
<status status="PASS" start="2024-09-24T11:14:19.344424" elapsed="2.466011"/>
</kw>
<kw name="Acessar a home page do site Amazon.com.br" owner="amazon_resource">
<kw name="Go To" owner="SeleniumLibrary">
<msg time="2024-09-24T11:14:21.811437" level="INFO">Opening url 'https://www.amazon.com.br/'</msg>
<arg>url=${URL}</arg>
<doc>Navigates the current browser window to the provided ``url``.</doc>
<status status="PASS" start="2024-09-24T11:14:21.811437" elapsed="0.376121"/>
</kw>
<kw name="Sleep" owner="BuiltIn">
<msg time="2024-09-24T11:14:47.188651" level="INFO">Slept 25 seconds.</msg>
<arg>25s</arg>
<doc>Pauses the test executed for the given time.</doc>
<status status="PASS" start="2024-09-24T11:14:22.187558" elapsed="25.001093"/>
</kw>
<kw name="Wait Until Element Is Visible" owner="SeleniumLibrary">
<arg>locator=${MENU_ELETRONICOS}</arg>
<doc>Waits until the element ``locator`` is visible.</doc>
<status status="PASS" start="2024-09-24T11:14:47.188651" elapsed="0.035003"/>
</kw>
<status status="PASS" start="2024-09-24T11:14:21.810435" elapsed="25.413219"/>
</kw>
<kw name="Digitar o nome de produto &quot;Xbox Series S&quot; no campo de p" owner="amazon_resource" source_name="Digitar o nome de produto &quot;${PRODUTO}&quot; no campo de p">
<kw name="Input Text" owner="SeleniumLibrary">
<msg time="2024-09-24T11:14:47.225655" level="INFO">Typing text 'Xbox Series S' into text field 'twotabsearchtextbox'.</msg>
<arg>locator=twotabsearchtextbox</arg>
<arg>text=${PRODUTO}</arg>
<doc>Types the given ``text`` into the text field identified by ``locator``.</doc>
<status status="PASS" start="2024-09-24T11:14:47.225655" elapsed="0.305000"/>
</kw>
<status status="PASS" start="2024-09-24T11:14:47.223654" elapsed="0.308001"/>
</kw>
<kw name="Clicar no botão de pesquisa" owner="amazon_resource">
<kw name="Click Element" owner="SeleniumLibrary">
<msg time="2024-09-24T11:14:47.532657" level="INFO">Clicking element 'nav-search-submit-button'.</msg>
<arg>locator=nav-search-submit-button</arg>
<doc>Click the element identified by ``locator``.</doc>
<status status="PASS" start="2024-09-24T11:14:47.532657" elapsed="2.570335"/>
</kw>
<status status="PASS" start="2024-09-24T11:14:47.531655" elapsed="2.571337"/>
</kw>
<kw name="Verificar o resultado da pesquisa listando o produto &quot;Xbox Series S&quot;" owner="amazon_resource" source_name="Verificar o resultado da pesquisa listando o produto &quot;${PRODUTO}&quot;">
<kw name="Wait Until Element Is Visible" owner="SeleniumLibrary">
<arg>locator=(//span[contains(.,'${PRODUTO}')])[3]</arg>
<doc>Waits until the element ``locator`` is visible.</doc>
<status status="PASS" start="2024-09-24T11:14:50.104991" elapsed="0.054998"/>
</kw>
<status status="PASS" start="2024-09-24T11:14:50.103988" elapsed="0.056001"/>
</kw>
<kw name="Na página de resultado para &quot;Xbox Series S&quot;" owner="amazon_resource">
<kw name="Wait Until Element Is Visible" owner="SeleniumLibrary">
<arg>locator=(//span[@class='a-color-state a-text-bold'][contains(.,'"Xbox Series S"')])</arg>
<doc>Waits until the element ``locator`` is visible.</doc>
<status status="PASS" start="2024-09-24T11:14:50.159989" elapsed="0.036002"/>
</kw>
<status status="PASS" start="2024-09-24T11:14:50.159989" elapsed="0.036002"/>
</kw>
<kw name="Clicar na imagem Xbox Series S" owner="amazon_resource">
<kw name="Click Element" owner="SeleniumLibrary">
<msg time="2024-09-24T11:14:50.196990" level="INFO">Clicking element '//img[contains(@alt,'Console Xbox Series S')]'.</msg>
<arg>locator=//img[contains(@alt,'Console Xbox Series S')]</arg>
<doc>Click the element identified by ``locator``.</doc>
<status status="PASS" start="2024-09-24T11:14:50.196990" elapsed="6.044316"/>
</kw>
<status status="PASS" start="2024-09-24T11:14:50.196990" elapsed="6.045327"/>
</kw>
<kw name="Verificar o resultado da pesquisa listando o produto &quot;Console Xbox Series S&quot;" owner="amazon_resource" source_name="Verificar o resultado da pesquisa listando o produto &quot;${PRODUTO}&quot;">
<kw name="Wait Until Element Is Visible" owner="SeleniumLibrary">
<arg>locator=(//span[contains(.,'${PRODUTO}')])[3]</arg>
<doc>Waits until the element ``locator`` is visible.</doc>
<status status="PASS" start="2024-09-24T11:14:56.243312" elapsed="0.072994"/>
</kw>
<status status="PASS" start="2024-09-24T11:14:56.242317" elapsed="0.073989"/>
</kw>
<kw name="Fechar o navegador" owner="amazon_resource" type="TEARDOWN">
<kw name="Capture Page Screenshot" owner="SeleniumLibrary">
<msg time="2024-09-24T11:14:56.503308" level="INFO" html="true">&lt;/td&gt;&lt;/tr&gt;&lt;tr&gt;&lt;td colspan="3"&gt;&lt;a href="selenium-screenshot-52.png"&gt;&lt;img src="selenium-screenshot-52.png" width="800px"&gt;&lt;/a&gt;</msg>
<doc>Takes a screenshot of the current page and embeds it into a log file.</doc>
<status status="PASS" start="2024-09-24T11:14:56.317307" elapsed="0.186001"/>
</kw>
<kw name="Close Browser" owner="SeleniumLibrary">
<doc>Closes the current browser.</doc>
<status status="PASS" start="2024-09-24T11:14:56.503308" elapsed="2.525672"/>
</kw>
<status status="PASS" start="2024-09-24T11:14:56.316306" elapsed="2.712674"/>
</kw>
<doc>Adicionar Xbox Series S no carrinho</doc>
<tag>adicionar_produto</tag>
<status status="PASS" start="2024-09-24T11:14:19.344424" elapsed="39.685156"/>
</test>
<test id="s1-t4" name="&quot;" line="39">
<status status="FAIL" start="2024-09-24T11:14:59.030616" elapsed="0.000985">Test cannot be empty.</status>
</test>
<doc>Essa suite testa o site amazon.com.br.</doc>
<status status="FAIL" start="2024-09-24T11:13:05.625890" elapsed="113.406708"/>
</suite>
<statistics>
<total>
<stat pass="3" fail="1" skip="0">All Tests</stat>
</total>
<tag>
<stat pass="1" fail="0" skip="0">adicionar_produto</stat>
<stat pass="1" fail="0" skip="0">busca_produtos</stat>
<stat pass="1" fail="0" skip="0">categorias</stat>
<stat pass="1" fail="0" skip="0">lista_busca</stat>
<stat pass="1" fail="0" skip="0">menus</stat>
</tag>
<suite>
<stat pass="3" fail="1" skip="0" id="s1" name="Amazon Testes">Amazon Testes</stat>
</suite>
</statistics>
<errors>
</errors>
</robot>
